12/14/2022 13:14:45 PM  FEED MONEY $5.00 $5.00
12/14/2022 13:14:50 PM  Cloud Popcorn A4 $3.65 $1.35
12/14/2022 13:15:07 PM  FEED MONEY $6.35 $6.35
12/14/2022 13:15:13 PM  Cloud Popcorn A4 $3.65 $2.70
12/14/2022 13:15:17 PM  GIVE CHANGE:2.6999999999999997 0.0
12/15/2022 15:25:35 PM  FEED MONEY $5.00 $5.00
12/15/2022 15:26:10 PM  Triplemint D4 $0.75 $12.25
12/15/2022 15:29:33 PM  FEED MONEY $5.00 $5.00
12/15/2022 15:29:40 PM  Triplemint D4 $0.75 $4.25
12/15/2022 15:33:48 PM  FEED MONEY $5.00 $5.00
12/15/2022 15:33:56 PM  Triplemint D4 $0.75 $4.25
12/15/2022 15:34:33 PM  FEED MONEY $5.00 $5.00
12/15/2022 15:40:02 PM  FEED MONEY $5.00 $5.00
12/15/2022 15:42:12 PM  Triplemint D4 $0.75 $4.25
12/15/2022 15:47:48 PM  FEED MONEY $5.00 $5.00
12/15/2022 15:47:56 PM  Triplemint D4 $0.75 $4.25
12/15/2022 15:48:24 PM  FEED MONEY $9.25 $9.25
12/15/2022 15:48:31 PM  Triplemint D4 $0.75 $8.50
12/15/2022 20:26:36 PM  FEED MONEY $5.00 $5.00
12/15/2022 20:26:43 PM  Cloud Popcorn A4 $3.65 $1.35
12/15/2022 20:26:46 PM  GIVE CHANGE:$1.35 $0.00
12/15/2022 20:53:48 PM  FEED MONEY $5.00 $5.00
12/15/2022 20:53:56 PM  Cloud Popcorn A4 $3.65 $1.35
12/15/2022 20:53:58 PM  GIVE CHANGE:$1.35 $0.00
12/15/2022 20:56:25 PM  FEED MONEY $5.00 $5.00
12/15/2022 20:58:17 PM  FEED MONEY $5.00 $5.00
12/15/2022 21:00:39 PM  FEED MONEY $5.00 $5.00
12/15/2022 21:00:48 PM  FEED MONEY $10.00 $10.00
12/15/2022 21:02:24 PM  FEED MONEY $5.00 $5.00
12/15/2022 21:03:04 PM  FEED MONEY $5.00 $5.00
12/15/2022 21:06:33 PM  FEED MONEY $5.00 $5.00
12/15/2022 21:08:42 PM  FEED MONEY $5.00 $5.00
12/15/2022 21:09:23 PM  FEED MONEY $5.00 $5.00
12/15/2022 21:09:29 PM  FEED MONEY $10.00 $10.00
12/15/2022 21:15:27 PM  FEED MONEY $5.00 $5.00
12/15/2022 21:23:24 PM  FEED MONEY $5.00 $5.00
12/15/2022 21:23:58 PM  Triplemint D4 $0.75 $4.25
12/15/2022 21:25:47 PM  FEED MONEY $5.00 $5.00
12/15/2022 21:26:01 PM  Chiclets D3 $0.75 $4.25
12/16/2022 11:14:59 AM  FEED MONEY $5.00 $5.00
12/16/2022 11:17:31 AM  FEED MONEY $10.00 $10.00
12/16/2022 11:21:08 AM  FEED MONEY $5.00 $5.00
12/16/2022 11:23:36 AM  FEED MONEY $5.00 $5.00
12/16/2022 11:24:06 AM  FEED MONEY $10.00 $10.00
12/16/2022 11:24:23 AM  FEED MONEY $15.00 $15.00
12/16/2022 11:25:27 AM  FEED MONEY $5.00 $5.00
12/16/2022 11:25:30 AM  FEED MONEY $10.00 $10.00
12/16/2022 11:25:33 AM  FEED MONEY $15.00 $15.00
12/16/2022 11:29:34 AM  FEED MONEY $5.00 $5.00
12/16/2022 11:29:36 AM  FEED MONEY $10.00 $10.00
12/16/2022 11:29:45 AM  U-Chews D1 $0.85 $9.15
12/16/2022 11:31:34 AM  U-Chews D1 $0.85 $8.30
12/16/2022 11:31:51 AM  GIVE CHANGE:$8.30 $0.00
12/16/2022 11:32:01 AM  GIVE CHANGE:$8.30 $0.00
12/16/2022 11:34:35 AM  FEED MONEY $5.00 $5.00
12/16/2022 11:34:44 AM  Triplemint D4 $0.75 $4.25
12/16/2022 11:34:51 AM  GIVE CHANGE:$4.25 $0.00
12/16/2022 11:36:48 AM  FEED MONEY $5.00 $5.00
12/16/2022 11:36:55 AM  Triplemint D4 $0.75 $4.25
12/16/2022 11:36:57 AM  GIVE CHANGE:$4.25 $0.00
12/16/2022 11:38:26 AM  FEED MONEY $5.00 $5.00
12/16/2022 11:38:30 AM  FEED MONEY $10.00 $10.00
12/16/2022 11:38:34 AM  Triplemint D4 $0.75 $9.25
12/16/2022 11:38:37 AM  GIVE CHANGE:$9.25 $0.00
12/16/2022 11:39:21 AM  FEED MONEY $5.00 $5.00
12/16/2022 11:39:24 AM  FEED MONEY $10.00 $10.00
12/16/2022 11:39:26 AM  FEED MONEY $15.00 $15.00
12/16/2022 11:39:28 AM  FEED MONEY $20.00 $20.00
12/16/2022 11:39:31 AM  FEED MONEY $25.00 $25.00
12/16/2022 11:42:45 AM  Triplemint D4 $0.75 $24.25
12/16/2022 11:42:49 AM  Triplemint D4 $0.75 $23.50
12/16/2022 11:42:54 AM  Triplemint D4 $0.75 $22.75
