12/19/2022 19:25:56 PM  FEED MONEY $3.00 $3.00
12/19/2022 19:25:58 PM  FEED MONEY $3.00 $8.00
12/19/2022 19:26:08 PM  FEED MONEY $3.00 $15.00
12/19/2022 19:26:13 PM  FEED MONEY $3.00 $18.00
12/19/2022 19:26:16 PM  Little League Chew D2 $0.95 $17.05
12/19/2022 19:26:17 PM  Little League Chew D2 $0.95 $16.10
12/19/2022 19:26:18 PM  Little League Chew D2 $0.95 $15.15
12/19/2022 19:26:21 PM  Little League Chew D2 $0.95 $14.20
12/19/2022 19:26:22 PM  GIVE CHANGE: $14.20 $3.00
12/19/2022 19:26:22 PM  ***********************
12/19/2022 19:26:22 PM  End of the transaction!
12/19/2022 19:26:22 PM  ***********************
12/19/2022 19:28:28 PM  FEED MONEY $5.00 $5.00
12/19/2022 19:28:30 PM  FEED MONEY $16.00 $11.00
12/19/2022 19:28:32 PM  FEED MONEY $23.00 $18.00
12/19/2022 19:28:35 PM  FEED MONEY $25.00 $20.00
12/19/2022 19:28:38 PM  Little League Chew D2 $0.95 $19.05
12/19/2022 19:28:39 PM  Little League Chew D2 $0.95 $18.10
12/19/2022 19:28:40 PM  Little League Chew D2 $0.95 $17.15
12/19/2022 19:28:41 PM  Little League Chew D2 $0.95 $16.20
12/19/2022 19:28:42 PM  Little League Chew D2 $0.95 $15.25
12/19/2022 19:28:53 PM  GIVE CHANGE: $15.25 $5.00
12/19/2022 19:28:53 PM  ***********************
12/19/2022 19:28:53 PM  End of the transaction!
12/19/2022 19:28:53 PM  ***********************
12/19/2022 19:29:35 PM  FEED MONEY $5.00 $5.00
12/19/2022 19:29:37 PM  FEED MONEY $6.00 $11.00
12/19/2022 19:29:40 PM  FEED MONEY $13.00 $18.00
12/19/2022 19:29:43 PM  FEED MONEY $14.00 $19.00
12/19/2022 19:29:46 PM  FEED MONEY $15.00 $20.00
12/19/2022 19:29:48 PM  Little League Chew D2 $0.95 $19.05
12/19/2022 19:29:49 PM  Little League Chew D2 $0.95 $18.10
12/19/2022 19:29:50 PM  Little League Chew D2 $0.95 $17.15
12/19/2022 19:29:52 PM  Little League Chew D2 $0.95 $16.20
12/19/2022 19:29:54 PM  GIVE CHANGE: $16.20 $5.00
12/19/2022 19:29:54 PM  ***********************
12/19/2022 19:29:54 PM  End of the transaction!
12/19/2022 19:29:54 PM  ***********************
12/19/2022 19:43:44 PM  FEED MONEY $5.00 $5.00
12/19/2022 19:43:47 PM  FEED MONEY $9.00 $9.00
12/19/2022 19:43:49 PM  FEED MONEY $12.00 $12.00
12/19/2022 19:43:54 PM  Little League Chew D2 $0.95 $11.05
12/19/2022 19:43:55 PM  Little League Chew D2 $0.95 $10.10
12/19/2022 19:43:56 PM  Little League Chew D2 $0.95 $9.15
12/19/2022 19:43:57 PM  GIVE CHANGE: $9.15 $5.00
12/19/2022 19:43:57 PM  ***********************
12/19/2022 19:43:57 PM  End of the transaction!
12/19/2022 19:43:57 PM  ***********************
12/19/2022 19:44:56 PM 

12/19/2022 19:44:56 PM  FEED MONEY $5.00 $5.00
12/19/2022 19:44:58 PM  FEED MONEY $7.00 $7.00
12/19/2022 19:45:03 PM  Little League Chew D2 $0.95 $6.05
12/19/2022 19:45:04 PM  Little League Chew D2 $0.95 $5.10
12/19/2022 19:45:09 PM  Little League Chew D2 $0.95 $4.15
12/19/2022 19:45:10 PM  GIVE CHANGE: $4.15 $5.00
12/19/2022 19:45:10 PM  ***********************
12/19/2022 19:45:10 PM  End of the transaction!
12/19/2022 19:45:10 PM  ***********************
12/19/2022 19:46:14 PM ********* NEW TRANSACTION *********
12/19/2022 19:46:14 PM  FEED MONEY $5.00 $5.00
12/19/2022 19:46:19 PM  Heavy C4 $1.50 $3.50
12/19/2022 19:46:21 PM  FEED MONEY $8.50 $8.50
12/19/2022 19:46:23 PM  FEED MONEY $12.50 $12.50
12/19/2022 19:46:27 PM  Cloud Popcorn A4 $3.65 $8.85
12/19/2022 19:46:28 PM  Cloud Popcorn A4 $3.65 $5.20
12/19/2022 19:46:30 PM  GIVE CHANGE: $5.20 $5.00
12/19/2022 19:46:30 PM  ***********************
12/19/2022 19:46:30 PM  End of the transaction!
12/19/2022 19:46:30 PM  ***********************
12/19/2022 19:47:12 PM ***** NEW TRANSACTION *****
12/19/2022 19:47:12 PM  FEED MONEY $5.00 $5.00
12/19/2022 19:47:15 PM  FEED MONEY $11.00 $11.00
12/19/2022 19:47:19 PM  Little League Chew D2 $0.95 $10.05
12/19/2022 19:47:21 PM  Little League Chew D2 $0.95 $9.10
12/19/2022 19:47:22 PM  Little League Chew D2 $0.95 $8.15
12/19/2022 19:47:23 PM  GIVE CHANGE: $8.15 $5.00
12/19/2022 19:47:23 PM  ***********************
12/19/2022 19:47:23 PM  End of the transaction!
12/19/2022 19:47:23 PM  ***********************
12/19/2022 20:42:16 PM ***** NEW TRANSACTION *****
12/19/2022 20:42:16 PM  FEED MONEY $5.00 $5.00
12/19/2022 20:42:23 PM  Heavy C4 $1.50 $3.50
12/19/2022 20:42:47 PM ***** NEW TRANSACTION *****
12/19/2022 20:42:47 PM  FEED MONEY $5.00 $5.00
12/19/2022 20:42:53 PM  Heavy C4 $1.50 $3.50
12/19/2022 20:44:02 PM ***** NEW TRANSACTION *****
12/19/2022 20:44:02 PM  FEED MONEY $5.00 $5.00
12/19/2022 20:44:11 PM  Cola C1 $1.25 $3.75
12/19/2022 21:07:47 PM ***** NEW TRANSACTION *****
12/19/2022 21:07:47 PM  FEED MONEY $5.00 $5.00
12/19/2022 21:07:54 PM  Cloud Popcorn A4 $3.65 $1.35
12/19/2022 21:34:45 PM ***** NEW TRANSACTION *****
12/19/2022 21:34:45 PM  FEED MONEY $5.00 $5.00
12/19/2022 21:34:51 PM  Potato Crisps A1 $3.05 $1.95
12/19/2022 21:35:02 PM  Moonpie B1 $1.80 $0.15
12/19/2022 21:37:41 PM ***** NEW TRANSACTION *****
12/19/2022 21:37:41 PM  FEED MONEY $5.00 $5.00
12/19/2022 21:37:47 PM  Potato Crisps A1 $3.05 $1.95
12/19/2022 21:37:55 PM  Cowtales B2 $1.50 $0.45
12/19/2022 21:38:06 PM  Cola C1 $1.25 $0.45
12/19/2022 21:38:12 PM  FEED MONEY $10.45 $10.45
12/19/2022 21:38:15 PM  Mountain Melter C3 $1.50 $8.95
12/19/2022 21:38:24 PM  Triplemint D4 $0.75 $8.20
12/19/2022 21:39:21 PM  Little League Chew D2 $0.95 $7.25
12/19/2022 21:39:57 PM ***** NEW TRANSACTION *****
12/19/2022 21:39:57 PM  FEED MONEY $10.00 $10.00
12/19/2022 21:39:59 PM  U-Chews D1 $0.85 $9.15
12/19/2022 21:40:12 PM  Little League Chew D2 $0.95 $8.20
12/19/2022 21:40:23 PM  Chiclets D3 $0.75 $7.45
12/19/2022 21:40:38 PM  Cola C1 $1.25 $6.20
12/19/2022 21:42:36 PM ***** NEW TRANSACTION *****
12/19/2022 21:42:36 PM  FEED MONEY $10.00 $10.00
12/19/2022 21:42:39 PM  U-Chews D1 $0.85 $9.15
12/19/2022 21:42:51 PM  Cola C1 $1.25 $7.90
12/19/2022 21:43:17 PM ***** NEW TRANSACTION *****
12/19/2022 21:43:17 PM  FEED MONEY $10.00 $10.00
12/19/2022 21:43:23 PM  U-Chews D1 $0.85 $9.15
12/19/2022 21:45:52 PM ***** NEW TRANSACTION *****
12/19/2022 21:45:52 PM  FEED MONEY $10.00 $10.00
12/19/2022 21:45:55 PM  U-Chews D1 $0.85 $9.15
12/19/2022 21:46:12 PM  Cola C1 $1.25 $7.90
12/19/2022 21:47:17 PM  U-Chews D1 $0.85 $7.05
12/19/2022 21:49:17 PM ***** NEW TRANSACTION *****
12/19/2022 21:49:17 PM  FEED MONEY $10.00 $10.00
12/19/2022 21:49:21 PM  U-Chews D1 $0.85 $9.15
12/19/2022 21:49:29 PM  U-Chews D1 $0.85 $8.30
12/19/2022 21:50:14 PM ***** NEW TRANSACTION *****
12/19/2022 21:50:14 PM  FEED MONEY $10.00 $10.00
12/19/2022 21:50:18 PM  U-Chews D1 $0.85 $9.15
12/19/2022 21:54:33 PM ***** NEW TRANSACTION *****
12/19/2022 21:54:33 PM  FEED MONEY $10.00 $10.00
12/19/2022 21:54:38 PM  Potato Crisps A1 $3.05 $6.95
12/19/2022 21:55:57 PM ***** NEW TRANSACTION *****
12/19/2022 21:55:57 PM  FEED MONEY $10.00 $10.00
12/19/2022 21:56:02 PM  Potato Crisps A1 $3.05 $6.95
12/19/2022 21:56:13 PM  Moonpie B1 $1.80 $5.15
12/19/2022 21:56:27 PM  Cola C1 $1.25 $3.90
12/19/2022 21:56:42 PM  U-Chews D1 $0.85 $3.05
12/19/2022 21:57:06 PM  Cloud Popcorn A4 $3.65 $3.05
12/19/2022 21:57:14 PM  Potato Crisps A1 $3.05 $0.00
12/19/2022 21:57:26 PM  GIVE CHANGE: $0.00 $10.00
12/19/2022 21:57:26 PM  ***********************
12/19/2022 21:57:26 PM  End of the transaction!
12/19/2022 21:57:26 PM  ***********************
12/19/2022 21:58:31 PM ***** NEW TRANSACTION *****
12/19/2022 21:58:31 PM  FEED MONEY $10.00 $10.00
12/19/2022 21:58:37 PM  Moonpie B1 $1.80 $8.20
12/19/2022 21:59:07 PM  Moonpie B1 $1.80 $6.40
12/19/2022 21:59:55 PM  FEED MONEY $11.40 $11.40
12/19/2022 21:59:59 PM  Moonpie B1 $1.80 $9.60
12/19/2022 22:07:17 PM ***** NEW TRANSACTION *****
12/19/2022 22:07:17 PM  FEED MONEY $10.00 $10.00
12/19/2022 22:07:22 PM  Potato Crisps A1 $3.05 $6.95
12/19/2022 22:08:03 PM  Potato Crisps A1 $3.05 $3.90
12/19/2022 22:11:55 PM  Cola C1 $1.25 $2.65
